<?xml version="1.0" encoding="UTF-8" ?>
<testsuite tests="6" failures="0" name="dao.IntegrationTest" time="15.386" errors="0" skipped="0">
  <properties>
[...]
</properties>
  <testcase classname="dao.IntegrationTest" name="notEnoughStocksUserErrorTest" time="1.178"/>
  <testcase classname="dao.IntegrationTest" name="buyStocksTest" time="2.788"/>
  <testcase classname="dao.IntegrationTest" name="notEnoughStocksErrorTest" time="2.741"/>
  <testcase classname="dao.IntegrationTest" name="noCompanyErrorTest" time="2.954"/>
  <testcase classname="dao.IntegrationTest" name="notEnoughMoneyTest" time="2.667"/>
  <testcase classname="dao.IntegrationTest" name="sellStocksTest" time="3.058"/>
</testsuite>